<?xml version="1.0" encoding="UTF-8"?>
<!-- Generated by org.testng.reporters.JUnitReportReporter -->
<testsuite skipped="0" hostname="DESKTOP-8EL6NRT" name="surya.com.AppiumTest" tests="2" failures="0" timestamp="07 Mar 2020 14:53:01 GMT" time="0.025" errors="0">
  <testcase name="browserAutomationAppium" time="0.024" classname="surya.com.AppiumTest"/>
  <testcase name="validateLoginAppium" time="0.001" classname="surya.com.AppiumTest"/>
</testsuite> <!-- surya.com.AppiumTest -->
