<?xml version="1.0" encoding="UTF-8"?>
<!-- Generated by org.testng.reporters.JUnitReportReporter -->
<testsuite skipped="0" hostname="DESKTOP-8EL6NRT" name="surya.com.SeleniumTest" tests="2" failures="0" timestamp="07 Mar 2020 14:53:01 GMT" time="0.001" errors="0">
  <testcase name="validateLogin" time="0.001" classname="surya.com.SeleniumTest"/>
  <testcase name="browserAutomation" time="0.000" classname="surya.com.SeleniumTest"/>
</testsuite> <!-- surya.com.SeleniumTest -->
